G,11,7,/home/erikkassubek/Uni/HiWi/ADVOCATE/examples/constructedMain/constructed/potentialBugs.go:33;C,12,17,4,R,f,1,0,/home/erikkassubek/Uni/HiWi/ADVOCATE/examples/constructedMain/constructed/potentialBugs.go:38;C,18,18,5,C,f,0,1,/home/erikkassubek/Uni/HiWi/ADVOCATE/examples/constructedMain/constructed/potentialBugs.go:39;A,19,1,A;W,20,20,7,A,1,1,/home/erikkassubek/Uni/HiWi/ADVOCATE/examples/constructedMain/constructed/potentialBugs.go:48;C,21,22,6,S,f,1,1,/home/erikkassubek/Uni/HiWi/ADVOCATE/examples/constructedMain/constructed/potentialBugs.go:51;A,23,1,A;W,24,24,7,A,-1,0,/home/erikkassubek/Uni/HiWi/ADVOCATE/examples/constructedMain/constructed/potentialBugs.go:52;A,26,1,L;W,25,27,7,W,0,0,/home/erikkassubek/Uni/HiWi/ADVOCATE/examples/constructedMain/constructed/potentialBugs.go:55;C,28,28,6,C,f,0,1,/home/erikkassubek/Uni/HiWi/ADVOCATE/examples/constructedMain/constructed/potentialBugs.go:56;A,30,2,L;A,32,3,C;M,31,33,10,-,L,t,/home/erikkassubek/Uni/HiWi/ADVOCATE/go-patch/src/sync/once.go:115;C,34,35,8,S,f,1,1,/home/erikkassubek/Uni/HiWi/ADVOCATE/examples/constructedMain/constructed/potentialBugs.go:66;A,36,2,S;A,38,3,A;M,37,39,10,-,U,t,/home/erikkassubek/Uni/HiWi/ADVOCATE/go-patch/src/sync/once.go:121;O,29,40,9,t,/home/erikkassubek/Uni/HiWi/ADVOCATE/examples/constructedMain/constructed/potentialBugs.go:69;C,41,41,8,C,f,0,1,/home/erikkassubek/Uni/HiWi/ADVOCATE/examples/constructedMain/constructed/potentialBugs.go:70;G,42,8,/home/erikkassubek/Uni/HiWi/ADVOCATE/examples/constructedMain/constructed/potentialBugs.go:94;G,43,9,/home/erikkassubek/Uni/HiWi/ADVOCATE/examples/constructedMain/constructed/potentialBugs.go:102;A,60,4,C;M,59,61,13,-,L,t,/home/erikkassubek/Uni/HiWi/ADVOCATE/go-patch/src/sync/rwmutex.go:270;A,62,5,A;M,58,63,12,R,L,t,/home/erikkassubek/Uni/HiWi/ADVOCATE/examples/constructedMain/constructed/potentialBugs.go:111;C,64,64,11,C,f,0,1,/home/erikkassubek/Uni/HiWi/ADVOCATE/examples/constructedMain/constructed/potentialBugs.go:112;A,66,5,A;A,68,4,A;M,67,69,13,-,U,t,/home/erikkassubek/Uni/HiWi/ADVOCATE/go-patch/src/sync/rwmutex.go:396;M,65,70,12,R,U,t,/home/erikkassubek/Uni/HiWi/ADVOCATE/examples/constructedMain/constructed/potentialBugs.go:113;G,71,10,/home/erikkassubek/Uni/HiWi/ADVOCATE/examples/constructedMain/constructed/potentialBugs.go:122;G,72,11,/home/erikkassubek/Uni/HiWi/ADVOCATE/examples/constructedMain/constructed/potentialBugs.go:126;C,75,75,14,C,f,0,0,/home/erikkassubek/Uni/HiWi/ADVOCATE/examples/constructedMain/constructed/potentialBugs.go:131





C,13,14,5,S,f,1,1,/home/erikkassubek/Uni/HiWi/ADVOCATE/examples/constructedMain/constructed/potentialBugs.go:34;C,15,16,4,S,f,1,0,/home/erikkassubek/Uni/HiWi/ADVOCATE/examples/constructedMain/constructed/potentialBugs.go:35
A,45,5,A;M,44,46,12,R,R,t,/home/erikkassubek/Uni/HiWi/ADVOCATE/examples/constructedMain/constructed/potentialBugs.go:95;C,47,48,11,S,f,1,1,/home/erikkassubek/Uni/HiWi/ADVOCATE/examples/constructedMain/constructed/potentialBugs.go:96;A,50,5,A;M,49,51,12,R,N,t,/home/erikkassubek/Uni/HiWi/ADVOCATE/examples/constructedMain/constructed/potentialBugs.go:97
A,53,5,A;M,52,54,12,R,R,t,/home/erikkassubek/Uni/HiWi/ADVOCATE/examples/constructedMain/constructed/potentialBugs.go:104;A,56,5,A;M,55,57,12,R,N,t,/home/erikkassubek/Uni/HiWi/ADVOCATE/examples/constructedMain/constructed/potentialBugs.go:105
C,77,77,14,S,f,1,0,/home/erikkassubek/Uni/HiWi/ADVOCATE/examples/constructedMain/constructed/potentialBugs.go:123
C,73,76,14,R,f,1,0,/home/erikkassubek/Uni/HiWi/ADVOCATE/examples/constructedMain/constructed/potentialBugs.go:127
C,79,80,15,S,f,1,1,/home/erikkassubek/Uni/HiWi/ADVOCATE/examples/constructedMain/constructed/potentialBugs.go:140;C,81,82,15,R,f,1,1,/home/erikkassubek/Uni/HiWi/ADVOCATE/examples/constructedMain/constructed/potentialBugs.go:141
C,86,87,16,S,f,1,0,/home/erikkassubek/Uni/HiWi/ADVOCATE/examples/constructedMain/constructed/potentialBugs.go:153
C,92,93,17,R,f,1,0,/home/erikkassubek/Uni/HiWi/ADVOCATE/examples/constructedMain/constructed/potentialBugs.go:167
C,104,104,18,C,f,0,1,/home/erikkassubek/Uni/HiWi/ADVOCATE/examples/constructedMain/constructed/potentialBugs.go:182;C,105,105,19,C,f,0,1,/home/erikkassubek/Uni/HiWi/ADVOCATE/examples/constructedMain/constructed/potentialBugs.go:183
S,99,100,20,C.99.100.18.S.f.0.1~d,0,/home/erikkassubek/Uni/HiWi/ADVOCATE/examples/constructedMain/constructed/potentialBugs.go:188;S,101,102,21,C.101.102.19.R.f.0.1~d,0,/home/erikkassubek/Uni/HiWi/ADVOCATE/examples/constructedMain/constructed/potentialBugs.go:193
C,110,110,22,C,f,0,0,/home/erikkassubek/Uni/HiWi/ADVOCATE/examples/constructedMain/constructed/potentialBugs.go:210
S,108,109,23,C.108.0.22.S.f.0.0~D,-1,/home/erikkassubek/Uni/HiWi/ADVOCATE/examples/constructedMain/constructed/potentialBugs.go:215
C,118,118,24,C,f,0,0,/home/erikkassubek/Uni/HiWi/ADVOCATE/examples/constructedMain/constructed/potentialBugs.go:229
S,114,115,25,C.114.0.24.S.f.0.0~D,-1,/home/erikkassubek/Uni/HiWi/ADVOCATE/examples/constructedMain/constructed/potentialBugs.go:234
S,116,117,26,C.116.0.24.R.f.0.0~D,-1,/home/erikkassubek/Uni/HiWi/ADVOCATE/examples/constructedMain/constructed/potentialBugs.go:242
A,128,9,L;A,131,10,C;A,132,10,C;A,138,10,C;M,129,139,29,-,L,t,/home/erikkassubek/Uni/HiWi/ADVOCATE/go-patch/src/sync/once.go:115;A,141,10,A;M,140,142,29,-,U,t,/home/erikkassubek/Uni/HiWi/ADVOCATE/go-patch/src/sync/once.go:125;O,124,143,28,f,/home/erikkassubek/Uni/HiWi/ADVOCATE/examples/constructedMain/constructed/potentialBugs.go:257
A,122,9,L;A,125,10,C;M,123,126,29,-,L,t,/home/erikkassubek/Uni/HiWi/ADVOCATE/go-patch/src/sync/once.go:115;C,127,127,27,C,f,0,1,/home/erikkassubek/Uni/HiWi/ADVOCATE/examples/constructedMain/constructed/potentialBugs.go:264;A,130,9,S;A,134,10,A;A,135,10,C;M,133,136,29,-,U,t,/home/erikkassubek/Uni/HiWi/ADVOCATE/go-patch/src/sync/once.go:121;O,121,137,28,t,/home/erikkassubek/Uni/HiWi/ADVOCATE/examples/constructedMain/constructed/potentialBugs.go:263
A,158,11,L;O,157,159,31,f,/home/erikkassubek/Uni/HiWi/ADVOCATE/examples/constructedMain/constructed/potentialBugs.go:281
A,148,11,L;A,150,12,C;M,149,151,32,-,L,t,/home/erikkassubek/Uni/HiWi/ADVOCATE/go-patch/src/sync/once.go:115;A,152,11,S;A,154,12,A;M,153,155,32,-,U,t,/home/erikkassubek/Uni/HiWi/ADVOCATE/go-patch/src/sync/once.go:121;O,147,156,31,t,/home/erikkassubek/Uni/HiWi/ADVOCATE/examples/constructedMain/constructed/potentialBugs.go:287
A,163,13,L;A,165,14,C;M,164,166,35,-,L,t,/home/erikkassubek/Uni/HiWi/ADVOCATE/go-patch/src/sync/once.go:115;C,167,168,33,S,f,1,1,/home/erikkassubek/Uni/HiWi/ADVOCATE/examples/constructedMain/constructed/potentialBugs.go:303;A,169,13,S;A,171,14,A;M,170,172,35,-,U,t,/home/erikkassubek/Uni/HiWi/ADVOCATE/go-patch/src/sync/once.go:121;O,162,173,34,t,/home/erikkassubek/Uni/HiWi/ADVOCATE/examples/constructedMain/constructed/potentialBugs.go:302
A,175,13,L;O,174,176,34,f,/home/erikkassubek/Uni/HiWi/ADVOCATE/examples/constructedMain/constructed/potentialBugs.go:309
M,184,185,37,-,T,f,/home/erikkassubek/Uni/HiWi/ADVOCATE/examples/constructedMain/constructed/potentialBugs.go:325
A,181,15,C;M,180,182,37,-,T,t,/home/erikkassubek/Uni/HiWi/ADVOCATE/examples/constructedMain/constructed/potentialBugs.go:333;C,183,187,36,R,f,1,0,/home/erikkassubek/Uni/HiWi/ADVOCATE/examples/constructedMain/constructed/potentialBugs.go:335;A,189,15,A;M,188,190,37,-,U,t,/home/erikkassubek/Uni/HiWi/ADVOCATE/examples/constructedMain/constructed/potentialBugs.go:336
A,195,16,C;M,194,196,39,-,T,t,/home/erikkassubek/Uni/HiWi/ADVOCATE/examples/constructedMain/constructed/potentialBugs.go:351;C,197,198,38,S,f,1,0,/home/erikkassubek/Uni/HiWi/ADVOCATE/examples/constructedMain/constructed/potentialBugs.go:353;A,200,16,A;M,199,202,39,-,U,t,/home/erikkassubek/Uni/HiWi/ADVOCATE/examples/constructedMain/constructed/potentialBugs.go:354
C,193,201,38,R,f,1,0,/home/erikkassubek/Uni/HiWi/ADVOCATE/examples/constructedMain/constructed/potentialBugs.go:359
M,208,209,41,-,T,f,/home/erikkassubek/Uni/HiWi/ADVOCATE/examples/constructedMain/constructed/potentialBugs.go:373
A,226,8,C;M,225,227,45,-,L,t,/home/erikkassubek/Uni/HiWi/ADVOCATE/examples/constructedMain/constructed/potentialBugs.go:412;C,228,229,44,S,f,1,1,/home/erikkassubek/Uni/HiWi/ADVOCATE/examples/constructedMain/constructed/potentialBugs.go:413;A,231,8,A;M,230,232,45,-,U,t,/home/erikkassubek/Uni/HiWi/ADVOCATE/examples/constructedMain/constructed/potentialBugs.go:415
C,241,242,46,S,f,1,2,/home/erikkassubek/Uni/HiWi/ADVOCATE/examples/constructedMain/constructed/potentialBugs.go:431
C,251,252,47,R,f,2,0,/home/erikkassubek/Uni/HiWi/ADVOCATE/examples/constructedMain/constructed/potentialBugs.go:449
C,247,248,47,R,f,1,0,/home/erikkassubek/Uni/HiWi/ADVOCATE/examples/constructedMain/constructed/potentialBugs.go:453
C,261,262,48,S,f,2,0,/home/erikkassubek/Uni/HiWi/ADVOCATE/examples/constructedMain/constructed/potentialBugs.go:467
C,257,258,48,S,f,1,0,/home/erikkassubek/Uni/HiWi/ADVOCATE/examples/constructedMain/constructed/potentialBugs.go:471
