==================== Summary ====================

-------------------- Critical -------------------
1 Possible negative waitgroup counter:
	done: /home/erik/Uni/HiWi/ADVOCATE/examples/addBeforeDone/main.go:26
	done: /home/erik/Uni/HiWi/ADVOCATE/examples/addBeforeDone/main.go:31;/home/erik/Uni/HiWi/ADVOCATE/examples/addBeforeDone/main.go:32

2 Possible negative waitgroup counter:
	done: /home/erik/Uni/HiWi/ADVOCATE/examples/addBeforeDone/main.go:32
	done: /home/erik/Uni/HiWi/ADVOCATE/examples/addBeforeDone/main.go:25;/home/erik/Uni/HiWi/ADVOCATE/examples/addBeforeDone/main.go:26

oreDone/main.go:26

e/main.go:26

done: /home/erik/Uni/HiWi/ADVOCATE/examples/addBeforeDone/main.go:32
	done: /home/erik/Uni/HiWi/ADVOCATE/examples/addBeforeDone/main.go:19

3 Found possible negative counter for waitgroup:
	done: /home/erik/Uni/HiWi/ADVOCATE/examples/addBeforeDone/main.go:32
	done: /home/erik/Uni/HiWi/ADVOCATE/examples/addBeforeDone/main.go:25
	done: /home/erik/Uni/HiWi/ADVOCATE/examples/addBeforeDone/main.go:26
	done: /home/erik/Uni/HiWi/ADVOCATE/examples/addBeforeDone/main.go:19

4 Found possible negative counter for waitgroup:
	done: /home/erik/Uni/HiWi/ADVOCATE/examples/addBeforeDone/main.go:19
	done: /home/erik/Uni/HiWi/ADVOCATE/examples/addBeforeDone/main.go:25
	done: /home/erik/Uni/HiWi/ADVOCATE/examples/addBeforeDone/main.go:26
	done: /home/erik/Uni/HiWi/ADVOCATE/examples/addBeforeDone/main.go:31
	done: /home/erik/Uni/HiWi/ADVOCATE/examples/addBeforeDone/main.go:32

oreDone/main.go:19

4 Found possible negative counter for waitgroup:
	done: /home/erik/Uni/HiWi/ADVOCATE/examples/addBeforeDone/main.go:26
	done: /home/erik/Uni/HiWi/ADVOCATE/examples/addBeforeDone/main.go:25
	done: /home/erik/Uni/HiWi/ADVOCATE/examples/addBeforeDone/main.go:26
	done: /home/erik/Uni/HiWi/ADVOCATE/examples/addBeforeDone/main.go:31
	done: /home/erik/Uni/HiWi/ADVOCATE/examples/addBeforeDone/main.go:32
	done: /home/erik/Uni/HiWi/ADVOCATE/examples/addBeforeDone/main.go:19

